<?xml version="1.0" encoding="UTF-8"?>
<!-- Generated by org.testng.reporters.JUnitReportReporter -->
<testsuite hostname="DESKTOP-QFJ3TNS" name="example.NewTest" tests="1" failures="0" timestamp="28 Feb 2016 23:37:33 GMT" time="9.691" errors="0">
  <testcase name="testEasy" time="9.691" classname="example.NewTest"/>
</testsuite> <!-- example.NewTest -->
